************TEST START************

Initial Population is 799979721
  grid  dim:  200000000, 1, 1.
  block dim: 8, 1, 1.
  kernel time: 29.89075 sec.
simpleGPU: 31.94535 sec

  grid  dim:  5000, 5000, 1.
  block dim: 8, 8, 1.
  kernel time: 7.82094 sec.
tilingGPU: 35.38683 sec

************TEST START************

Initial Population is 799979721
  grid  dim:  100000000, 1, 1.
  block dim: 16, 1, 1.
  kernel time: 15.50361 sec.
simpleGPU: 17.64550 sec

  grid  dim:  2500, 2500, 1.
  block dim: 16, 16, 1.
  kernel time: 7.63065 sec.
tilingGPU: 47.88028 sec

************TEST START************

Initial Population is 799979721
  grid  dim:  50000000, 1, 1.
  block dim: 32, 1, 1.
  kernel time: 8.34329 sec.
simpleGPU: 10.39118 sec

  grid  dim:  1250, 1250, 1.
  block dim: 32, 32, 1.
  kernel time: 7.89059 sec.
tilingGPU: 47.96901 sec

************TEST START************

Initial Population is 799979721
  grid  dim:  25000000, 1, 1.
  block dim: 64, 1, 1.
  kernel time: 7.40871 sec.
simpleGPU: 9.47497 sec

  grid  dim:  625, 625, 1.
  block dim: 64, 64, 1.
  kernel time: 0.74247 sec.
tilingGPU: 36.87153 sec

