************TEST START************

Initial Population is 79669
lifeSpace_1 size: 400 x 400, total generations: 100
Final Population is 15491

  Num CPU Threads: 8
CPU: 0.90998 sec

  grid  dim:  20000, 1, 1.
  block dim: 8, 1, 1.
  kernel time: 0.00478 sec.
simpleGPU: 0.24679 sec

  grid  dim:  50, 50, 1.
  block dim: 8, 8, 1.
  kernel time: 0.00207 sec.
tilingGPU: 0.00368 sec

GPU results are correct.

************TEST END************

************TEST START************

Initial Population is 399803
lifeSpace_1 size: 400 x 2000, total generations: 100
Final Population is 76351

  Num CPU Threads: 8
CPU: 4.48312 sec

  grid  dim:  65535, 1, 1.
  block dim: 8, 1, 1.
  kernel time: 0.01848 sec.
simpleGPU: 0.33507 sec

  grid  dim:  50, 250, 1.
  block dim: 8, 8, 1.
  kernel time: 0.00571 sec.
tilingGPU: 0.00739 sec

GPU results are correct.

************TEST END************

************TEST START************

Initial Population is 2000505
lifeSpace_1 size: 2000 x 2000, total generations: 100
Final Population is 377814

  Num CPU Threads: 8
CPU: 22.39774 sec

  grid  dim:  65535, 1, 1.
  block dim: 8, 1, 1.
  kernel time: 0.08608 sec.
simpleGPU: 0.37642 sec

  grid  dim:  250, 250, 1.
  block dim: 8, 8, 1.
  kernel time: 0.02532 sec.
tilingGPU: 0.02855 sec

GPU results are correct.

************TEST END************

************TEST START************

Initial Population is 79669
lifeSpace_1 size: 400 x 400, total generations: 100
Final Population is 15491

  Num CPU Threads: 8
CPU: 0.90993 sec

  grid  dim:  10000, 1, 1.
  block dim: 16, 1, 1.
  kernel time: 0.00284 sec.
simpleGPU: 0.23163 sec

  grid  dim:  25, 25, 1.
  block dim: 16, 16, 1.
  kernel time: 0.00193 sec.
tilingGPU: 0.00437 sec

GPU results are correct.

************TEST END************

************TEST START************

Initial Population is 399803
lifeSpace_1 size: 400 x 2000, total generations: 100
Final Population is 76351

  Num CPU Threads: 8
CPU: 4.48226 sec

  grid  dim:  50000, 1, 1.
  block dim: 16, 1, 1.
  kernel time: 0.00951 sec.
simpleGPU: 0.45029 sec

  grid  dim:  25, 125, 1.
  block dim: 16, 16, 1.
  kernel time: 0.00530 sec.
tilingGPU: 0.00666 sec

GPU results are correct.

************TEST END************

************TEST START************

Initial Population is 2000505
lifeSpace_1 size: 2000 x 2000, total generations: 100
Final Population is 377814

  Num CPU Threads: 8
CPU: 22.38965 sec

  grid  dim:  65535, 1, 1.
  block dim: 16, 1, 1.
  kernel time: 0.04188 sec.
simpleGPU: 0.31420 sec

  grid  dim:  125, 125, 1.
  block dim: 16, 16, 1.
  kernel time: 0.02327 sec.
tilingGPU: 0.02697 sec

GPU results are correct.

************TEST END************

