************TEST START************

Initial Population is 79669
lifeSpace_1 size: 400 x 400, total generations: 100
Final Population is 15491

  Num CPU Threads: 4
CPU: 0.75427 sec

  grid  dim:  20000, 1, 1.
  block dim: 8, 1, 1.
  kernel time: 0.00562 sec.
simpleGPU: 0.39409 sec

  grid  dim:  50, 50, 1.
  block dim: 8, 8, 1.
  kernel time: 0.00304 sec.
tilingGPU: 0.00454 sec

GPU results are correct.

************TEST END************

************TEST START************

Initial Population is 399803
lifeSpace_1 size: 400 x 2000, total generations: 100
Final Population is 76351

  Num CPU Threads: 4
CPU: 3.77121 sec

  grid  dim:  65535, 1, 1.
  block dim: 8, 1, 1.
  kernel time: 0.01918 sec.
simpleGPU: 0.47395 sec

  grid  dim:  50, 250, 1.
  block dim: 8, 8, 1.
  kernel time: 0.00648 sec.
tilingGPU: 0.02123 sec

GPU results are correct.

************TEST END************

************TEST START************

Initial Population is 2000505
lifeSpace_1 size: 2000 x 2000, total generations: 100
Final Population is 377814

  Num CPU Threads: 4
CPU: 18.76387 sec

  grid  dim:  65535, 1, 1.
  block dim: 8, 1, 1.
  kernel time: 0.08506 sec.
simpleGPU: 0.49963 sec

  grid  dim:  250, 250, 1.
  block dim: 8, 8, 1.
  kernel time: 0.02571 sec.
tilingGPU: 0.03695 sec

GPU results are correct.

************TEST END************

